This file contains any messages produced by compilers while
running configure, to aid debugging if configure makes a mistake.

It was created by wmclock configure 1.0.16, which was
generated by GNU Autoconf 2.72.  Invocation command line was

  $ ./configure

## --------- ##
## Platform. ##
## --------- ##

hostname = perfomative
uname -m = x86_64
uname -r = 6.18.18-gentoo-dist
uname -s = Linux
uname -v = #1 SMP PREEMPT_DYNAMIC Fri Mar 13 19:40:36 -00 2026

/usr/bin/uname -p = Intel(R) Core(TM) i7-6600U CPU @ 2.60GHz
/bin/uname -X     = unknown

/bin/arch              = x86_64
/usr/bin/arch -k       = unknown
/usr/convex/getsysinfo = unknown
/usr/bin/hostinfo      = unknown
/bin/machine           = unknown
/usr/bin/oslevel       = unknown
/bin/universe          = unknown

PATH: /usr/local/sbin/
PATH: /usr/local/bin/
PATH: /usr/bin/
PATH: /opt/bin/
PATH: /usr/lib/llvm/21/bin/


## ----------- ##
## Core tests. ##
## ----------- ##

configure:2152: looking for aux files: compile missing install-sh
configure:2165:  trying ./
configure:2194:   ./compile found
configure:2194:   ./missing found
configure:2176:   ./install-sh found
configure:2324: checking for a BSD-compatible install
configure:2398: result: /usr/bin/install -c
configure:2409: checking whether sleep supports fractional seconds
configure:2425: result: yes
configure:2428: checking filesystem timestamp resolution
configure:2563: result: 0.01
configure:2568: checking whether build environment is sane
configure:2613: result: yes
configure:2784: checking for a race-free mkdir -p
configure:2827: result: /usr/bin/mkdir -p
configure:2834: checking for gawk
configure:2855: found /usr/bin/gawk
configure:2867: result: gawk
configure:2878: checking whether make sets $(MAKE)
configure:2902: result: yes
configure:2928: checking whether make supports nested variables
configure:2947: result: yes
configure:2961: checking xargs -n works
configure:2977: result: yes
configure:3062: checking whether UID '1000' is supported by ustar format
configure:3068: result: yes
configure:3075: checking whether GID '1000' is supported by ustar format
configure:3081: result: yes
configure:3089: checking how to create a ustar tar archive
configure:3100: tar --version
tar (GNU tar) 1.35
Packaged by Gentoo (1.35)
Copyright (C) 2023 Free Software Foundation, Inc.
License GPLv3+: GNU GPL version 3 or later <https://gnu.org/licenses/gpl.html>.
This is free software: you are free to change and redistribute it.
There is NO WARRANTY, to the extent permitted by law.

Written by John Gilmore and Jay Fenlason.
configure:3103: $? = 0
configure:3143: tardir=conftest.dir && eval tar --format=ustar -chf - "$tardir" >conftest.tar
configure:3146: $? = 0
configure:3150: tar -xf - <conftest.tar
configure:3153: $? = 0
configure:3155: cat conftest.dir/file
GrepMe
configure:3158: $? = 0
configure:3173: result: gnutar
configure:3263: checking for gcc
configure:3284: found /usr/bin/gcc
configure:3296: result: gcc
configure:3655: checking for C compiler version
configure:3664: gcc --version >&5
gcc (Gentoo 15.2.1_p20260214 p5) 15.2.1 20260214
Copyright (C) 2025 Free Software Foundation, Inc.
This is free software; see the source for copying conditions.  There is NO
warranty; not even for MERCHANTABILITY or FITNESS FOR A PARTICULAR PURPOSE.

configure:3675: $? = 0
configure:3664: gcc -v >&5
Using built-in specs.
COLLECT_GCC=gcc
COLLECT_LTO_WRAPPER=/usr/libexec/gcc/x86_64-pc-linux-gnu/15/lto-wrapper
OFFLOAD_TARGET_NAMES=nvptx-none
OFFLOAD_TARGET_DEFAULT=1
Target: x86_64-pc-linux-gnu
Configured with: /var/tmp/portage/sys-devel/gcc-15.2.1_p20260214/work/gcc-15-20260214/configure --host=x86_64-pc-linux-gnu --build=x86_64-pc-linux-gnu --prefix=/usr --bindir=/usr/x86_64-pc-linux-gnu/gcc-bin/15 --includedir=/usr/lib/gcc/x86_64-pc-linux-gnu/15/include --datadir=/usr/share/gcc-data/x86_64-pc-linux-gnu/15 --mandir=/usr/share/gcc-data/x86_64-pc-linux-gnu/15/man --infodir=/usr/share/gcc-data/x86_64-pc-linux-gnu/15/info --with-gxx-include-dir=/usr/lib/gcc/x86_64-pc-linux-gnu/15/include/g++-v15 --disable-silent-rules --disable-dependency-tracking --with-python-dir=/share/gcc-data/x86_64-pc-linux-gnu/15/python --enable-languages=c,c++,fortran --enable-obsolete --enable-secureplt --disable-werror --with-system-zlib --enable-nls --without-included-gettext --disable-libunwind-exceptions --enable-checking=release --with-bugurl=https://bugs.gentoo.org/ --with-pkgversion='Gentoo 15.2.1_p20260214 p5' --with-gcc-major-version-only --enable-libstdcxx-time --enable-lto --disable-libstdcxx-pch --enable-linker-build-id --disable-libada --enable-shared --enable-threads=posix --enable-__cxa_atexit --enable-clocale=gnu --enable-multilib --with-multilib-list=m32,m64 --disable-fixed-point --enable-targets=all --enable-offload-defaulted --enable-offload-targets=nvptx-none --enable-libgomp --disable-libssp --enable-cet --disable-systemtap --disable-valgrind-annotations --disable-vtable-verify --disable-libvtv --with-zstd --without-isl --enable-default-pie --enable-host-pie --enable-host-bind-now --enable-default-ssp --disable-fixincludes --with-gxx-libcxx-include-dir=/usr/include/c++/v1 --with-build-config=bootstrap-cet
Thread model: posix
Supported LTO compression algorithms: zlib zstd
gcc version 15.2.1 20260214 (Gentoo 15.2.1_p20260214 p5) 
... rest of stderr output deleted ...
configure:3675: $? = 0
configure:3664: gcc -V >&5
gcc: error: unrecognized command-line option '-V'
gcc: fatal error: no input files
compilation terminated.
configure:3675: $? = 1
configure:3664: gcc -qversion >&5
gcc: error: unrecognized command-line option '-qversion'; did you mean '--version'?
gcc: fatal error: no input files
compilation terminated.
configure:3675: $? = 1
configure:3664: gcc -version >&5
gcc: error: unrecognized command-line option '-version'
gcc: fatal error: no input files
compilation terminated.
configure:3675: $? = 1
configure:3695: checking whether the C compiler works
configure:3717: gcc    conftest.c  >&5
configure:3721: $? = 0
configure:3772: result: yes
configure:3776: checking for C compiler default output file name
configure:3778: result: a.out
configure:3784: checking for suffix of executables
configure:3791: gcc -o conftest    conftest.c  >&5
configure:3795: $? = 0
configure:3819: result: 
configure:3843: checking whether we are cross compiling
configure:3851: gcc -o conftest    conftest.c  >&5
configure:3855: $? = 0
configure:3862: ./conftest
configure:3866: $? = 0
configure:3881: result: no
configure:3887: checking for suffix of object files
configure:3910: gcc -c   conftest.c >&5
configure:3914: $? = 0
configure:3938: result: o
configure:3942: checking whether the compiler supports GNU C
configure:3962: gcc -c   conftest.c >&5
configure:3962: $? = 0
configure:3974: result: yes
configure:3985: checking whether gcc accepts -g
configure:4006: gcc -c -g  conftest.c >&5
configure:4006: $? = 0
configure:4053: result: yes
configure:4073: checking for gcc option to enable C11 features
configure:4088: gcc  -c -g -O2  conftest.c >&5
configure:4088: $? = 0
configure:4107: result: none needed
configure:4231: checking whether gcc understands -c and -o together
configure:4254: gcc -c conftest.c -o conftest2.o
configure:4257: $? = 0
configure:4254: gcc -c conftest.c -o conftest2.o
configure:4257: $? = 0
configure:4273: result: yes
configure:4293: checking whether make supports the include directive
configure:4308: make -f confmf.GNU && cat confinc.out
this is the am__doit target
configure:4311: $? = 0
configure:4330: result: yes (GNU style)
configure:4356: checking dependency style of gcc
configure:4469: result: gcc3
configure:4506: configuring for english day-of-week and month names...
configure:4572: checking for pkg-config
configure:4595: found /usr/bin/pkg-config
configure:4608: result: /usr/bin/pkg-config
configure:4633: checking pkg-config is at least version 0.9.0
configure:4636: result: yes
configure:4649: checking for x11
configure:4656: $PKG_CONFIG --exists --print-errors "x11"
configure:4659: $? = 0
configure:4673: $PKG_CONFIG --exists --print-errors "x11"
configure:4676: $? = 0
configure:4734: result: yes
configure:4740: checking for xpm
configure:4747: $PKG_CONFIG --exists --print-errors "xpm"
configure:4750: $? = 0
configure:4764: $PKG_CONFIG --exists --print-errors "xpm"
configure:4767: $? = 0
configure:4825: result: yes
configure:4831: checking for xext
configure:4838: $PKG_CONFIG --exists --print-errors "xext"
configure:4841: $? = 0
configure:4855: $PKG_CONFIG --exists --print-errors "xext"
configure:4858: $? = 0
configure:4916: result: yes
configure:5065: checking that generated files are newer than configure
configure:5071: result: done
configure:5106: creating ./config.status

## ---------------------- ##
## Running config.status. ##
## ---------------------- ##

This file was extended by wmclock config.status 1.0.16, which was
generated by GNU Autoconf 2.72.  Invocation command line was

  CONFIG_FILES    = 
  CONFIG_HEADERS  = 
  CONFIG_LINKS    = 
  CONFIG_COMMANDS = 
  $ ./config.status 

on perfomative

config.status:786: creating Makefile
config.status:786: creating wmclock.1
config.status:958: executing depfiles commands
config.status:1033: cd .       && sed -e '/# am--include-marker/d' Makefile         | make -f - am--depfiles
make: Nothing to be done for 'am--depfiles'.
config.status:1040: $? = 0

## ---------------- ##
## Cache variables. ##
## ---------------- ##

ac_cv_c_compiler_gnu=yes
ac_cv_env_CC_set=
ac_cv_env_CC_value=
ac_cv_env_CFLAGS_set=
ac_cv_env_CFLAGS_value=
ac_cv_env_CPPFLAGS_set=
ac_cv_env_CPPFLAGS_value=
ac_cv_env_LDFLAGS_set=
ac_cv_env_LDFLAGS_value=
ac_cv_env_LIBS_set=
ac_cv_env_LIBS_value=
ac_cv_env_PKG_CONFIG_LIBDIR_set=
ac_cv_env_PKG_CONFIG_LIBDIR_value=
ac_cv_env_PKG_CONFIG_PATH_set=
ac_cv_env_PKG_CONFIG_PATH_value=
ac_cv_env_PKG_CONFIG_set=
ac_cv_env_PKG_CONFIG_value=
ac_cv_env_build_alias_set=
ac_cv_env_build_alias_value=
ac_cv_env_host_alias_set=
ac_cv_env_host_alias_value=
ac_cv_env_target_alias_set=
ac_cv_env_target_alias_value=
ac_cv_env_x11_CFLAGS_set=
ac_cv_env_x11_CFLAGS_value=
ac_cv_env_x11_LIBS_set=
ac_cv_env_x11_LIBS_value=
ac_cv_env_xext_CFLAGS_set=
ac_cv_env_xext_CFLAGS_value=
ac_cv_env_xext_LIBS_set=
ac_cv_env_xext_LIBS_value=
ac_cv_env_xpm_CFLAGS_set=
ac_cv_env_xpm_CFLAGS_value=
ac_cv_env_xpm_LIBS_set=
ac_cv_env_xpm_LIBS_value=
ac_cv_objext=o
ac_cv_path_ac_pt_PKG_CONFIG=/usr/bin/pkg-config
ac_cv_path_install='/usr/bin/install -c'
ac_cv_path_mkdir=/usr/bin/mkdir
ac_cv_prog_AWK=gawk
ac_cv_prog_ac_ct_CC=gcc
ac_cv_prog_cc_c11=
ac_cv_prog_cc_g=yes
ac_cv_prog_cc_stdc=
ac_cv_prog_make_make_set=yes
am_cv_CC_dependencies_compiler_type=gcc3
am_cv_filesystem_timestamp_resolution=0.01
am_cv_make_support_nested_variables=yes
am_cv_prog_cc_c_o=yes
am_cv_prog_tar_ustar=gnutar
am_cv_sleep_fractional_seconds=yes
am_cv_xargs_n_works=yes
pkg_cv_x11_CFLAGS=
pkg_cv_x11_LIBS=-lX11
pkg_cv_xext_CFLAGS=
pkg_cv_xext_LIBS=-lXext
pkg_cv_xpm_CFLAGS=
pkg_cv_xpm_LIBS='-lXpm -lX11'

## ----------------- ##
## Output variables. ##
## ----------------- ##

ACLOCAL='${SHELL} '\''/home/phr/git/dockapps/wmclock/missing'\'' aclocal-1.18'
AMDEPBACKSLASH='\'
AMDEP_FALSE='#'
AMDEP_TRUE=''
AMTAR='$${TAR-tar}'
AM_BACKSLASH='\'
AM_DEFAULT_V='$(AM_DEFAULT_VERBOSITY)'
AM_DEFAULT_VERBOSITY='1'
AM_V='$(V)'
AUTOCONF='${SHELL} '\''/home/phr/git/dockapps/wmclock/missing'\'' autoconf'
AUTOHEADER='${SHELL} '\''/home/phr/git/dockapps/wmclock/missing'\'' autoheader'
AUTOMAKE='${SHELL} '\''/home/phr/git/dockapps/wmclock/missing'\'' automake-1.18'
AWK='gawk'
CC='gcc'
CCDEPMODE='depmode=gcc3'
CFLAGS='-g -O2'
CPPFLAGS=''
CSCOPE='cscope'
CTAGS='ctags'
CYGPATH_W='echo'
DATE='2015-09-24'
DEFS='-DPACKAGE_NAME=\"wmclock\" -DPACKAGE_TARNAME=\"wmclock\" -DPACKAGE_VERSION=\"1.0.16\" -DPACKAGE_STRING=\"wmclock\ 1.0.16\" -DPACKAGE_BUGREPORT=\"wmaker-dev@googlegroups.com\" -DPACKAGE_URL=\"\" -DPACKAGE=\"wmclock\" -DVERSION=\"1.0.16\" -DMONTH_XPM=\"lang.english/month.xpm\" -DWEEKDAY_XPM=\"lang.english/weekday.xpm\"'
DEPDIR='.deps'
ECHO_C=''
ECHO_N='-n'
ECHO_T=''
ETAGS='etags'
EXEEXT=''
INSTALL_DATA='${INSTALL} -m 644'
INSTALL_PROGRAM='${INSTALL}'
INSTALL_SCRIPT='${INSTALL}'
INSTALL_STRIP_PROGRAM='$(install_sh) -c -s'
LDFLAGS=''
LIBOBJS=''
LIBS=''
LTLIBOBJS=''
MAKEINFO='${SHELL} '\''/home/phr/git/dockapps/wmclock/missing'\'' makeinfo'
MKDIR_P='/usr/bin/mkdir -p'
OBJEXT='o'
PACKAGE='wmclock'
PACKAGE_BUGREPORT='wmaker-dev@googlegroups.com'
PACKAGE_NAME='wmclock'
PACKAGE_STRING='wmclock 1.0.16'
PACKAGE_TARNAME='wmclock'
PACKAGE_URL=''
PACKAGE_VERSION='1.0.16'
PATH_SEPARATOR=':'
PKG_CONFIG='/usr/bin/pkg-config'
PKG_CONFIG_LIBDIR=''
PKG_CONFIG_PATH=''
SET_MAKE=''
SHELL='/bin/sh'
STRIP=''
VERSION='1.0.16'
ac_ct_CC='gcc'
am__EXEEXT_FALSE=''
am__EXEEXT_TRUE='#'
am__fastdepCC_FALSE='#'
am__fastdepCC_TRUE=''
am__include='include'
am__isrc=''
am__leading_dot='.'
am__nodep='_no'
am__quote=''
am__rm_f_notfound=''
am__tar='tar --format=ustar -chf - "$$tardir"'
am__untar='tar -xf -'
am__xargs_n='xargs -n'
bindir='${exec_prefix}/bin'
build_alias=''
datadir='${datarootdir}'
datarootdir='${prefix}/share'
docdir='${datarootdir}/doc/${PACKAGE_TARNAME}'
dvidir='${docdir}'
exec_prefix='${prefix}'
host_alias=''
htmldir='${docdir}'
includedir='${prefix}/include'
infodir='${datarootdir}/info'
install_sh='${SHELL} /home/phr/git/dockapps/wmclock/install-sh'
libdir='${exec_prefix}/lib'
libexecdir='${exec_prefix}/libexec'
localedir='${datarootdir}/locale'
localstatedir='${prefix}/var'
mandir='${datarootdir}/man'
mkdir_p='$(MKDIR_P)'
oldincludedir='/usr/include'
pdfdir='${docdir}'
prefix='/usr/local'
program_transform_name='s,x,x,'
psdir='${docdir}'
runstatedir='${localstatedir}/run'
sbindir='${exec_prefix}/sbin'
sharedstatedir='${prefix}/com'
sysconfdir='${prefix}/etc'
target_alias=''
x11_CFLAGS=''
x11_LIBS='-lX11'
xext_CFLAGS=''
xext_LIBS='-lXext'
xpm_CFLAGS=''
xpm_LIBS='-lXpm -lX11'

## ----------- ##
## confdefs.h. ##
## ----------- ##

/* confdefs.h */
#define PACKAGE_NAME "wmclock"
#define PACKAGE_TARNAME "wmclock"
#define PACKAGE_VERSION "1.0.16"
#define PACKAGE_STRING "wmclock 1.0.16"
#define PACKAGE_BUGREPORT "wmaker-dev@googlegroups.com"
#define PACKAGE_URL ""
#define PACKAGE "wmclock"
#define VERSION "1.0.16"
#define MONTH_XPM "lang.english/month.xpm"
#define WEEKDAY_XPM "lang.english/weekday.xpm"

configure: exit 0
